This is pdfTeX, Version 3.14159265-2.6-1.40.20 (TeX Live 2019) (preloaded format=pdflatex 2020.1.14)  16 AUG 2021 12:52
entering extended mode
 restricted \write18 enabled.
 file:line:error style messages enabled.
 %&-line parsing enabled.
**/Users/nick-work/cernbox/icsftc/PGs/StatsLectures/PGStatistics/latex/StatisticsPGLectures.tex
(/Users/nick-work/cernbox/icsftc/PGs/StatsLectures/PGStatistics/latex/StatisticsPGLectures.tex
LaTeX2e <2018-12-01>
(/usr/local/texlive/2019/texmf-dist/tex/latex/base/article.cls
Document Class: article 2018/09/03 v1.4i Standard LaTeX document class
(/usr/local/texlive/2019/texmf-dist/tex/latex/base/size10.clo
File: size10.clo 2018/09/03 v1.4i Standard LaTeX file (size option)
)
\c@part=\count80
\c@section=\count81
\c@subsection=\count82
\c@subsubsection=\count83
\c@paragraph=\count84
\c@subparagraph=\count85
\c@figure=\count86
\c@table=\count87
\abovecaptionskip=\skip41
\belowcaptionskip=\skip42
\bibindent=\dimen102
) (/usr/local/texlive/2019/texmf-dist/tex/latex/base/inputenc.sty
Package: inputenc 2018/08/11 v1.3c Input encoding file
\inpenc@prehook=\toks14
\inpenc@posthook=\toks15
) (/usr/local/texlive/2019/texmf-dist/tex/latex/geometry/geometry.sty
Package: geometry 2018/04/16 v5.8 Page Geometry
 (/usr/local/texlive/2019/texmf-dist/tex/latex/graphics/keyval.sty
Package: keyval 2014/10/28 v1.15 key=value parser (DPC)
\KV@toks@=\toks16
) (/usr/local/texlive/2019/texmf-dist/tex/generic/oberdiek/ifpdf.sty
Package: ifpdf 2018/09/07 v3.3 Provides the ifpdf switch
) (/usr/local/texlive/2019/texmf-dist/tex/generic/oberdiek/ifvtex.sty
Package: ifvtex 2016/05/16 v1.6 Detect VTeX and its facilities (HO)
Package ifvtex Info: VTeX not detected.
) (/usr/local/texlive/2019/texmf-dist/tex/generic/ifxetex/ifxetex.sty
Package: ifxetex 2010/09/12 v0.6 Provides ifxetex conditional
)
\Gm@cnth=\count88
\Gm@cntv=\count89
\c@Gm@tempcnt=\count90
\Gm@bindingoffset=\dimen103
\Gm@wd@mp=\dimen104
\Gm@odd@mp=\dimen105
\Gm@even@mp=\dimen106
\Gm@layoutwidth=\dimen107
\Gm@layoutheight=\dimen108
\Gm@layouthoffset=\dimen109
\Gm@layoutvoffset=\dimen110
\Gm@dimlist=\toks17
) (/usr/local/texlive/2019/texmf-dist/tex/latex/graphics/graphicx.sty
Package: graphicx 2017/06/01 v1.1a Enhanced LaTeX Graphics (DPC,SPQR)
 (/usr/local/texlive/2019/texmf-dist/tex/latex/graphics/graphics.sty
Package: graphics 2017/06/25 v1.2c Standard LaTeX Graphics (DPC,SPQR)
 (/usr/local/texlive/2019/texmf-dist/tex/latex/graphics/trig.sty
Package: trig 2016/01/03 v1.10 sin cos tan (DPC)
) (/usr/local/texlive/2019/texmf-dist/tex/latex/graphics-cfg/graphics.cfg
File: graphics.cfg 2016/06/04 v1.11 sample graphics configuration
)
Package graphics Info: Driver file: pdftex.def on input line 99.
 (/usr/local/texlive/2019/texmf-dist/tex/latex/graphics-def/pdftex.def
File: pdftex.def 2018/01/08 v1.0l Graphics/color driver for pdftex
))
\Gin@req@height=\dimen111
\Gin@req@width=\dimen112
) (/usr/local/texlive/2019/texmf-dist/tex/latex/amsmath/amsmath.sty
Package: amsmath 2018/12/01 v2.17b AMS math features
\@mathmargin=\skip43

For additional information on amsmath, use the `?' option.
(/usr/local/texlive/2019/texmf-dist/tex/latex/amsmath/amstext.sty
Package: amstext 2000/06/29 v2.01 AMS text
 (/usr/local/texlive/2019/texmf-dist/tex/latex/amsmath/amsgen.sty
File: amsgen.sty 1999/11/30 v2.0 generic functions
\@emptytoks=\toks18
\ex@=\dimen113
)) (/usr/local/texlive/2019/texmf-dist/tex/latex/amsmath/amsbsy.sty
Package: amsbsy 1999/11/29 v1.2d Bold Symbols
\pmbraise@=\dimen114
) (/usr/local/texlive/2019/texmf-dist/tex/latex/amsmath/amsopn.sty
Package: amsopn 2016/03/08 v2.02 operator names
)
\inf@bad=\count91
LaTeX Info: Redefining \frac on input line 223.
\uproot@=\count92
\leftroot@=\count93
LaTeX Info: Redefining \overline on input line 385.
\classnum@=\count94
\DOTSCASE@=\count95
LaTeX Info: Redefining \ldots on input line 482.
LaTeX Info: Redefining \dots on input line 485.
LaTeX Info: Redefining \cdots on input line 606.
\Mathstrutbox@=\box27
\strutbox@=\box28
\big@size=\dimen115
LaTeX Font Info:    Redeclaring font encoding OML on input line 729.
LaTeX Font Info:    Redeclaring font encoding OMS on input line 730.
\macc@depth=\count96
\c@MaxMatrixCols=\count97
\dotsspace@=\muskip10
\c@parentequation=\count98
\dspbrk@lvl=\count99
\tag@help=\toks19
\row@=\count100
\column@=\count101
\maxfields@=\count102
\andhelp@=\toks20
\eqnshift@=\dimen116
\alignsep@=\dimen117
\tagshift@=\dimen118
\tagwidth@=\dimen119
\totwidth@=\dimen120
\lineht@=\dimen121
\@envbody=\toks21
\multlinegap=\skip44
\multlinetaggap=\skip45
\mathdisplay@stack=\toks22
LaTeX Info: Redefining \[ on input line 2844.
LaTeX Info: Redefining \] on input line 2845.
) (/usr/local/texlive/2019/texmf-dist/tex/latex/amsfonts/amsfonts.sty
Package: amsfonts 2013/01/14 v3.01 Basic AMSFonts support
\symAMSa=\mathgroup4
\symAMSb=\mathgroup5
LaTeX Font Info:    Overwriting math alphabet `\mathfrak' in version `bold'
(Font)                  U/euf/m/n --> U/euf/b/n on input line 106.
) (/usr/local/texlive/2019/texmf-dist/tex/latex/cancel/cancel.sty
Package: cancel 2013/04/12 v2.2 Cancel math terms
) (/usr/local/texlive/2019/texmf-dist/tex/latex/tcolorbox/tcolorbox.sty
Package: tcolorbox 2019/03/02 version 4.20 text color boxes
 (/usr/local/texlive/2019/texmf-dist/tex/latex/pgf/basiclayer/pgf.sty (/usr/local/texlive/2019/texmf-dist/tex/latex/pgf/utilities/pgfrcs.sty (/usr/local/texlive/2019/texmf-dist/tex/generic/pgf/utilities/pgfutil-common.tex
\pgfutil@everybye=\toks23
\pgfutil@tempdima=\dimen122
\pgfutil@tempdimb=\dimen123
 (/usr/local/texlive/2019/texmf-dist/tex/generic/pgf/utilities/pgfutil-common-lists.tex)) (/usr/local/texlive/2019/texmf-dist/tex/generic/pgf/utilities/pgfutil-latex.def
\pgfutil@abb=\box29
 (/usr/local/texlive/2019/texmf-dist/tex/latex/ms/everyshi.sty
Package: everyshi 2001/05/15 v3.00 EveryShipout Package (MS)
)) (/usr/local/texlive/2019/texmf-dist/tex/generic/pgf/utilities/pgfrcs.code.tex (/usr/local/texlive/2019/texmf-dist/tex/generic/pgf/pgf.revision.tex)
Package: pgfrcs 2019/04/04 v3.1.2 (3.1.2)
))
Package: pgf 2019/04/04 v3.1.2 (3.1.2)
 (/usr/local/texlive/2019/texmf-dist/tex/latex/pgf/basiclayer/pgfcore.sty (/usr/local/texlive/2019/texmf-dist/tex/latex/pgf/systemlayer/pgfsys.sty (/usr/local/texlive/2019/texmf-dist/tex/generic/pgf/systemlayer/pgfsys.code.tex
Package: pgfsys 2019/04/04 v3.1.2 (3.1.2)
 (/usr/local/texlive/2019/texmf-dist/tex/generic/pgf/utilities/pgfkeys.code.tex
\pgfkeys@pathtoks=\toks24
\pgfkeys@temptoks=\toks25
 (/usr/local/texlive/2019/texmf-dist/tex/generic/pgf/utilities/pgfkeysfiltered.code.tex
\pgfkeys@tmptoks=\toks26
))
\pgf@x=\dimen124
\pgf@y=\dimen125
\pgf@xa=\dimen126
\pgf@ya=\dimen127
\pgf@xb=\dimen128
\pgf@yb=\dimen129
\pgf@xc=\dimen130
\pgf@yc=\dimen131
\w@pgf@writea=\write3
\r@pgf@reada=\read1
\c@pgf@counta=\count103
\c@pgf@countb=\count104
\c@pgf@countc=\count105
\c@pgf@countd=\count106
\t@pgf@toka=\toks27
\t@pgf@tokb=\toks28
\t@pgf@tokc=\toks29
\pgf@sys@id@count=\count107
 (/usr/local/texlive/2019/texmf-dist/tex/generic/pgf/systemlayer/pgf.cfg
File: pgf.cfg 2019/04/04 v3.1.2 (3.1.2)
)
Driver file for pgf: pgfsys-pdftex.def
 (/usr/local/texlive/2019/texmf-dist/tex/generic/pgf/systemlayer/pgfsys-pdftex.def
File: pgfsys-pdftex.def 2019/04/04 v3.1.2 (3.1.2)
 (/usr/local/texlive/2019/texmf-dist/tex/generic/pgf/systemlayer/pgfsys-common-pdf.def
File: pgfsys-common-pdf.def 2019/04/04 v3.1.2 (3.1.2)
))) (/usr/local/texlive/2019/texmf-dist/tex/generic/pgf/systemlayer/pgfsyssoftpath.code.tex
File: pgfsyssoftpath.code.tex 2019/04/04 v3.1.2 (3.1.2)
\pgfsyssoftpath@smallbuffer@items=\count108
\pgfsyssoftpath@bigbuffer@items=\count109
) (/usr/local/texlive/2019/texmf-dist/tex/generic/pgf/systemlayer/pgfsysprotocol.code.tex
File: pgfsysprotocol.code.tex 2019/04/04 v3.1.2 (3.1.2)
)) (/usr/local/texlive/2019/texmf-dist/tex/latex/xcolor/xcolor.sty
Package: xcolor 2016/05/11 v2.12 LaTeX color extensions (UK)
 (/usr/local/texlive/2019/texmf-dist/tex/latex/graphics-cfg/color.cfg
File: color.cfg 2016/01/02 v1.6 sample color configuration
)
Package xcolor Info: Driver file: pdftex.def on input line 225.
Package xcolor Info: Model `cmy' substituted by `cmy0' on input line 1348.
Package xcolor Info: Model `hsb' substituted by `rgb' on input line 1352.
Package xcolor Info: Model `RGB' extended on input line 1364.
Package xcolor Info: Model `HTML' substituted by `rgb' on input line 1366.
Package xcolor Info: Model `Hsb' substituted by `hsb' on input line 1367.
Package xcolor Info: Model `tHsb' substituted by `hsb' on input line 1368.
Package xcolor Info: Model `HSB' substituted by `hsb' on input line 1369.
Package xcolor Info: Model `Gray' substituted by `gray' on input line 1370.
Package xcolor Info: Model `wave' substituted by `hsb' on input line 1371.
) (/usr/local/texlive/2019/texmf-dist/tex/generic/pgf/basiclayer/pgfcore.code.tex
Package: pgfcore 2019/04/04 v3.1.2 (3.1.2)
 (/usr/local/texlive/2019/texmf-dist/tex/generic/pgf/math/pgfmath.code.tex (/usr/local/texlive/2019/texmf-dist/tex/generic/pgf/math/pgfmathcalc.code.tex (/usr/local/texlive/2019/texmf-dist/tex/generic/pgf/math/pgfmathutil.code.tex) (/usr/local/texlive/2019/texmf-dist/tex/generic/pgf/math/pgfmathparser.code.tex
\pgfmath@dimen=\dimen132
\pgfmath@count=\count110
\pgfmath@box=\box30
\pgfmath@toks=\toks30
\pgfmath@stack@operand=\toks31
\pgfmath@stack@operation=\toks32
) (/usr/local/texlive/2019/texmf-dist/tex/generic/pgf/math/pgfmathfunctions.code.tex (/usr/local/texlive/2019/texmf-dist/tex/generic/pgf/math/pgfmathfunctions.basic.code.tex) (/usr/local/texlive/2019/texmf-dist/tex/generic/pgf/math/pgfmathfunctions.trigonometric.code.tex) (/usr/local/texlive/2019/texmf-dist/tex/generic/pgf/math/pgfmathfunctions.random.code.tex) (/usr/local/texlive/2019/texmf-dist/tex/generic/pgf/math/pgfmathfunctions.comparison.code.tex) (/usr/local/texlive/2019/texmf-dist/tex/generic/pgf/math/pgfmathfunctions.base.code.tex) (/usr/local/texlive/2019/texmf-dist/tex/generic/pgf/math/pgfmathfunctions.round.code.tex) (/usr/local/texlive/2019/texmf-dist/tex/generic/pgf/math/pgfmathfunctions.misc.code.tex) (/usr/local/texlive/2019/texmf-dist/tex/generic/pgf/math/pgfmathfunctions.integerarithmetics.code.tex))) (/usr/local/texlive/2019/texmf-dist/tex/generic/pgf/math/pgfmathfloat.code.tex
\c@pgfmathroundto@lastzeros=\count111
)) (/usr/local/texlive/2019/texmf-dist/tex/generic/pgf/basiclayer/pgfcorepoints.code.tex
File: pgfcorepoints.code.tex 2019/04/04 v3.1.2 (3.1.2)
\pgf@picminx=\dimen133
\pgf@picmaxx=\dimen134
\pgf@picminy=\dimen135
\pgf@picmaxy=\dimen136
\pgf@pathminx=\dimen137
\pgf@pathmaxx=\dimen138
\pgf@pathminy=\dimen139
\pgf@pathmaxy=\dimen140
\pgf@xx=\dimen141
\pgf@xy=\dimen142
\pgf@yx=\dimen143
\pgf@yy=\dimen144
\pgf@zx=\dimen145
\pgf@zy=\dimen146
) (/usr/local/texlive/2019/texmf-dist/tex/generic/pgf/basiclayer/pgfcorepathconstruct.code.tex
File: pgfcorepathconstruct.code.tex 2019/04/04 v3.1.2 (3.1.2)
\pgf@path@lastx=\dimen147
\pgf@path@lasty=\dimen148
) (/usr/local/texlive/2019/texmf-dist/tex/generic/pgf/basiclayer/pgfcorepathusage.code.tex
File: pgfcorepathusage.code.tex 2019/04/04 v3.1.2 (3.1.2)
\pgf@shorten@end@additional=\dimen149
\pgf@shorten@start@additional=\dimen150
) (/usr/local/texlive/2019/texmf-dist/tex/generic/pgf/basiclayer/pgfcorescopes.code.tex
File: pgfcorescopes.code.tex 2019/04/04 v3.1.2 (3.1.2)
\pgfpic=\box31
\pgf@hbox=\box32
\pgf@layerbox@main=\box33
\pgf@picture@serial@count=\count112
) (/usr/local/texlive/2019/texmf-dist/tex/generic/pgf/basiclayer/pgfcoregraphicstate.code.tex
File: pgfcoregraphicstate.code.tex 2019/04/04 v3.1.2 (3.1.2)
\pgflinewidth=\dimen151
) (/usr/local/texlive/2019/texmf-dist/tex/generic/pgf/basiclayer/pgfcoretransformations.code.tex
File: pgfcoretransformations.code.tex 2019/04/04 v3.1.2 (3.1.2)
\pgf@pt@x=\dimen152
\pgf@pt@y=\dimen153
\pgf@pt@temp=\dimen154
) (/usr/local/texlive/2019/texmf-dist/tex/generic/pgf/basiclayer/pgfcorequick.code.tex
File: pgfcorequick.code.tex 2019/04/04 v3.1.2 (3.1.2)
) (/usr/local/texlive/2019/texmf-dist/tex/generic/pgf/basiclayer/pgfcoreobjects.code.tex
File: pgfcoreobjects.code.tex 2019/04/04 v3.1.2 (3.1.2)
) (/usr/local/texlive/2019/texmf-dist/tex/generic/pgf/basiclayer/pgfcorepathprocessing.code.tex
File: pgfcorepathprocessing.code.tex 2019/04/04 v3.1.2 (3.1.2)
) (/usr/local/texlive/2019/texmf-dist/tex/generic/pgf/basiclayer/pgfcorearrows.code.tex
File: pgfcorearrows.code.tex 2019/04/04 v3.1.2 (3.1.2)
\pgfarrowsep=\dimen155
) (/usr/local/texlive/2019/texmf-dist/tex/generic/pgf/basiclayer/pgfcoreshade.code.tex
File: pgfcoreshade.code.tex 2019/04/04 v3.1.2 (3.1.2)
\pgf@max=\dimen156
\pgf@sys@shading@range@num=\count113
\pgf@shadingcount=\count114
) (/usr/local/texlive/2019/texmf-dist/tex/generic/pgf/basiclayer/pgfcoreimage.code.tex
File: pgfcoreimage.code.tex 2019/04/04 v3.1.2 (3.1.2)
 (/usr/local/texlive/2019/texmf-dist/tex/generic/pgf/basiclayer/pgfcoreexternal.code.tex
File: pgfcoreexternal.code.tex 2019/04/04 v3.1.2 (3.1.2)
\pgfexternal@startupbox=\box34
)) (/usr/local/texlive/2019/texmf-dist/tex/generic/pgf/basiclayer/pgfcorelayers.code.tex
File: pgfcorelayers.code.tex 2019/04/04 v3.1.2 (3.1.2)
) (/usr/local/texlive/2019/texmf-dist/tex/generic/pgf/basiclayer/pgfcoretransparency.code.tex
File: pgfcoretransparency.code.tex 2019/04/04 v3.1.2 (3.1.2)
) (/usr/local/texlive/2019/texmf-dist/tex/generic/pgf/basiclayer/pgfcorepatterns.code.tex
File: pgfcorepatterns.code.tex 2019/04/04 v3.1.2 (3.1.2)
) (/usr/local/texlive/2019/texmf-dist/tex/generic/pgf/basiclayer/pgfcorerdf.code.tex
File: pgfcorerdf.code.tex 2019/04/04 v3.1.2 (3.1.2)
))) (/usr/local/texlive/2019/texmf-dist/tex/generic/pgf/modules/pgfmoduleshapes.code.tex
File: pgfmoduleshapes.code.tex 2019/04/04 v3.1.2 (3.1.2)
\pgfnodeparttextbox=\box35
) (/usr/local/texlive/2019/texmf-dist/tex/generic/pgf/modules/pgfmoduleplot.code.tex
File: pgfmoduleplot.code.tex 2019/04/04 v3.1.2 (3.1.2)
) (/usr/local/texlive/2019/texmf-dist/tex/latex/pgf/compatibility/pgfcomp-version-0-65.sty
Package: pgfcomp-version-0-65 2019/04/04 v3.1.2 (3.1.2)
\pgf@nodesepstart=\dimen157
\pgf@nodesepend=\dimen158
) (/usr/local/texlive/2019/texmf-dist/tex/latex/pgf/compatibility/pgfcomp-version-1-18.sty
Package: pgfcomp-version-1-18 2019/04/04 v3.1.2 (3.1.2)
)) (/usr/local/texlive/2019/texmf-dist/tex/latex/tools/verbatim.sty
Package: verbatim 2014/10/28 v1.5q LaTeX2e package for verbatim enhancements
\every@verbatim=\toks33
\verbatim@line=\toks34
\verbatim@in@stream=\read2
) (/usr/local/texlive/2019/texmf-dist/tex/latex/environ/environ.sty
Package: environ 2014/05/04 v0.3 A new way to define environments
 (/usr/local/texlive/2019/texmf-dist/tex/latex/trimspaces/trimspaces.sty
Package: trimspaces 2009/09/17 v1.1 Trim spaces around a token list
)) (/usr/local/texlive/2019/texmf-dist/tex/latex/etoolbox/etoolbox.sty
Package: etoolbox 2018/08/19 v2.5f e-TeX tools for LaTeX (JAW)
\etb@tempcnta=\count115
)
\tcb@titlebox=\box36
\tcb@upperbox=\box37
\tcb@lowerbox=\box38
\tcb@phantombox=\box39
\c@tcbbreakpart=\count116
\c@tcblayer=\count117
\tcolorbox@number=\count118
\tcb@temp=\box40
\tcb@temp=\box41
\tcb@temp=\box42
\tcb@temp=\box43
\tcb@out=\write4
\tcb@record@out=\write5
) (/usr/local/texlive/2019/texmf-dist/tex/latex/appendix/appendix.sty
Package: appendix 2009/09/02 v1.2b extra appendix facilities
\c@@pps=\count119
\c@@ppsavesec=\count120
\c@@ppsaveapp=\count121
) (/usr/local/texlive/2019/texmf-dist/tex/latex/hyperref/hyperref.sty
Package: hyperref 2018/11/30 v6.88e Hypertext links for LaTeX
 (/usr/local/texlive/2019/texmf-dist/tex/generic/oberdiek/hobsub-hyperref.sty
Package: hobsub-hyperref 2016/05/16 v1.14 Bundle oberdiek, subset hyperref (HO)
 (/usr/local/texlive/2019/texmf-dist/tex/generic/oberdiek/hobsub-generic.sty
Package: hobsub-generic 2016/05/16 v1.14 Bundle oberdiek, subset generic (HO)
Package: hobsub 2016/05/16 v1.14 Construct package bundles (HO)
Package: infwarerr 2016/05/16 v1.4 Providing info/warning/error messages (HO)
Package: ltxcmds 2016/05/16 v1.23 LaTeX kernel commands for general use (HO)
Package: ifluatex 2016/05/16 v1.4 Provides the ifluatex switch (HO)
Package ifluatex Info: LuaTeX not detected.
Package hobsub Info: Skipping package `ifvtex' (already loaded).
Package: intcalc 2016/05/16 v1.2 Expandable calculations with integers (HO)
Package hobsub Info: Skipping package `ifpdf' (already loaded).
Package: etexcmds 2016/05/16 v1.6 Avoid name clashes with e-TeX commands (HO)
Package: kvsetkeys 2016/05/16 v1.17 Key value parser (HO)
Package: kvdefinekeys 2016/05/16 v1.4 Define keys (HO)
Package: pdftexcmds 2018/09/10 v0.29 Utility functions of pdfTeX for LuaTeX (HO)
Package pdftexcmds Info: LuaTeX not detected.
Package pdftexcmds Info: \pdf@primitive is available.
Package pdftexcmds Info: \pdf@ifprimitive is available.
Package pdftexcmds Info: \pdfdraftmode found.
Package: pdfescape 2016/05/16 v1.14 Implements pdfTeX's escape features (HO)
Package: bigintcalc 2016/05/16 v1.4 Expandable calculations on big integers (HO)
Package: bitset 2016/05/16 v1.2 Handle bit-vector datatype (HO)
Package: uniquecounter 2016/05/16 v1.3 Provide unlimited unique counter (HO)
)
Package hobsub Info: Skipping package `hobsub' (already loaded).
Package: letltxmacro 2016/05/16 v1.5 Let assignment for LaTeX macros (HO)
Package: hopatch 2016/05/16 v1.3 Wrapper for package hooks (HO)
Package: xcolor-patch 2016/05/16 xcolor patch
Package: atveryend 2016/05/16 v1.9 Hooks at the very end of document (HO)
Package: atbegshi 2016/06/09 v1.18 At begin shipout hook (HO)
Package: refcount 2016/05/16 v3.5 Data extraction from label references (HO)
Package: hycolor 2016/05/16 v1.8 Color options for hyperref/bookmark (HO)
) (/usr/local/texlive/2019/texmf-dist/tex/latex/oberdiek/auxhook.sty
Package: auxhook 2016/05/16 v1.4 Hooks for auxiliary files (HO)
) (/usr/local/texlive/2019/texmf-dist/tex/latex/oberdiek/kvoptions.sty
Package: kvoptions 2016/05/16 v3.12 Key value format for package options (HO)
)
\@linkdim=\dimen159
\Hy@linkcounter=\count122
\Hy@pagecounter=\count123
 (/usr/local/texlive/2019/texmf-dist/tex/latex/hyperref/pd1enc.def
File: pd1enc.def 2018/11/30 v6.88e Hyperref: PDFDocEncoding definition (HO)
Now handling font encoding PD1 ...
... no UTF-8 mapping file for font encoding PD1
)
\Hy@SavedSpaceFactor=\count124
 (/usr/local/texlive/2019/texmf-dist/tex/latex/latexconfig/hyperref.cfg
File: hyperref.cfg 2002/06/06 v1.2 hyperref configuration of TeXLive
)
Package hyperref Info: Hyper figures OFF on input line 4519.
Package hyperref Info: Link nesting OFF on input line 4524.
Package hyperref Info: Hyper index ON on input line 4527.
Package hyperref Info: Plain pages OFF on input line 4534.
Package hyperref Info: Backreferencing OFF on input line 4539.
Package hyperref Info: Implicit mode ON; LaTeX internals redefined.
Package hyperref Info: Bookmarks ON on input line 4772.
\c@Hy@tempcnt=\count125
 (/usr/local/texlive/2019/texmf-dist/tex/latex/url/url.sty
\Urlmuskip=\muskip11
Package: url 2013/09/16  ver 3.4  Verb mode for urls, etc.
)
LaTeX Info: Redefining \url on input line 5125.
\XeTeXLinkMargin=\dimen160
\Fld@menulength=\count126
\Field@Width=\dimen161
\Fld@charsize=\dimen162
Package hyperref Info: Hyper figures OFF on input line 6380.
Package hyperref Info: Link nesting OFF on input line 6385.
Package hyperref Info: Hyper index ON on input line 6388.
Package hyperref Info: backreferencing OFF on input line 6395.
Package hyperref Info: Link coloring OFF on input line 6400.
Package hyperref Info: Link coloring with OCG OFF on input line 6405.
Package hyperref Info: PDF/A mode OFF on input line 6410.
LaTeX Info: Redefining \ref on input line 6450.
LaTeX Info: Redefining \pageref on input line 6454.
\Hy@abspage=\count127
\c@Item=\count128
\c@Hfootnote=\count129
)
Package hyperref Info: Driver (autodetected): hpdftex.
 (/usr/local/texlive/2019/texmf-dist/tex/latex/hyperref/hpdftex.def
File: hpdftex.def 2018/11/30 v6.88e Hyperref driver for pdfTeX
\Fld@listcount=\count130
\c@bookmark@seq@number=\count131
 (/usr/local/texlive/2019/texmf-dist/tex/latex/oberdiek/rerunfilecheck.sty
Package: rerunfilecheck 2016/05/16 v1.8 Rerun checks for auxiliary files (HO)
Package uniquecounter Info: New unique counter `rerunfilecheck' on input line 282.
)
\Hy@SectionHShift=\skip46
)
Package hyperref Info: Option `colorlinks' set `true' on input line 21.
 (/usr/local/texlive/2019/texmf-dist/tex/latex/listings/listings.sty
\lst@mode=\count132
\lst@gtempboxa=\box44
\lst@token=\toks35
\lst@length=\count133
\lst@currlwidth=\dimen163
\lst@column=\count134
\lst@pos=\count135
\lst@lostspace=\dimen164
\lst@width=\dimen165
\lst@newlines=\count136
\lst@lineno=\count137
\lst@maxwidth=\dimen166
 (/usr/local/texlive/2019/texmf-dist/tex/latex/listings/lstmisc.sty
File: lstmisc.sty 2019/02/27 1.8b (Carsten Heinz)
\c@lstnumber=\count138
\lst@skipnumbers=\count139
\lst@framebox=\box45
) (/usr/local/texlive/2019/texmf-dist/tex/latex/listings/listings.cfg
File: listings.cfg 2019/02/27 1.8b listings configuration
))
Package: listings 2019/02/27 1.8b (Carsten Heinz)
 (/Users/nick-work/cernbox/icsftc/PGs/StatsLectures/PGStatistics/latex/StatisticsPGLectures.aux (/Users/nick-work/cernbox/icsftc/PGs/StatsLectures/PGStatistics/latex/ideas.aux) (/Users/nick-work/cernbox/icsftc/PGs/StatsLectures/PGStatistics/latex/intro.aux) (/Users/nick-work/cernbox/icsftc/PGs/StatsLectures/PGStatistics/latex/probability.aux) (/Users/nick-work/cernbox/icsftc/PGs/StatsLectures/PGStatistics/latex/hypotest.aux) (/Users/nick-work/cernbox/icsftc/PGs/StatsLectures/PGStatistics/latex/intervals.aux) (/Users/nick-work/cernbox/icsftc/PGs/StatsLectures/PGStatistics/latex/summary.aux) (/Users/nick-work/cernbox/icsftc/PGs/StatsLectures/PGStatistics/latex/problems.aux))
\openout1 = `StatisticsPGLectures.aux'.

LaTeX Font Info:    Checking defaults for OML/cmm/m/it on input line 58.
LaTeX Font Info:    ... okay on input line 58.
LaTeX Font Info:    Checking defaults for T1/cmr/m/n on input line 58.
LaTeX Font Info:    ... okay on input line 58.
LaTeX Font Info:    Checking defaults for OT1/cmr/m/n on input line 58.
LaTeX Font Info:    ... okay on input line 58.
LaTeX Font Info:    Checking defaults for OMS/cmsy/m/n on input line 58.
LaTeX Font Info:    ... okay on input line 58.
LaTeX Font Info:    Checking defaults for OMX/cmex/m/n on input line 58.
LaTeX Font Info:    ... okay on input line 58.
LaTeX Font Info:    Checking defaults for U/cmr/m/n on input line 58.
LaTeX Font Info:    ... okay on input line 58.
LaTeX Font Info:    Checking defaults for PD1/pdf/m/n on input line 58.
LaTeX Font Info:    ... okay on input line 58.

*geometry* driver: auto-detecting
*geometry* detected driver: pdftex
*geometry* verbose mode - [ preamble ] result:
* driver: pdftex
* paper: legalpaper
* layout: <same size as paper>
* layoutoffset:(h,v)=(0.0pt,0.0pt)
* modes: 
* h-part:(L,W,R)=(72.26999pt, 469.75502pt, 72.26999pt)
* v-part:(T,H,B)=(72.26999pt, 867.24002pt, 72.26999pt)
* \paperwidth=614.295pt
* \paperheight=1011.78pt
* \textwidth=469.75502pt
* \textheight=867.24002pt
* \oddsidemargin=0.0pt
* \evensidemargin=0.0pt
* \topmargin=-37.0pt
* \headheight=12.0pt
* \headsep=25.0pt
* \topskip=10.0pt
* \footskip=30.0pt
* \marginparwidth=65.0pt
* \marginparsep=11.0pt
* \columnsep=10.0pt
* \skip\footins=9.0pt plus 4.0pt minus 2.0pt
* \hoffset=0.0pt
* \voffset=0.0pt
* \mag=1000
* \@twocolumnfalse
* \@twosidefalse
* \@mparswitchfalse
* \@reversemarginfalse
* (1in=72.27pt=25.4mm, 1cm=28.453pt)

(/usr/local/texlive/2019/texmf-dist/tex/context/base/mkii/supp-pdf.mkii
[Loading MPS to PDF converter (version 2006.09.02).]
\scratchcounter=\count140
\scratchdimen=\dimen167
\scratchbox=\box46
\nofMPsegments=\count141
\nofMParguments=\count142
\everyMPshowfont=\toks36
\MPscratchCnt=\count143
\MPscratchDim=\dimen168
\MPnumerator=\count144
\makeMPintoPDFobject=\count145
\everyMPtoPDFconversion=\toks37
) (/usr/local/texlive/2019/texmf-dist/tex/latex/oberdiek/epstopdf-base.sty
Package: epstopdf-base 2016/05/15 v2.6 Base part for package epstopdf
 (/usr/local/texlive/2019/texmf-dist/tex/latex/oberdiek/grfext.sty
Package: grfext 2016/05/16 v1.2 Manage graphics extensions (HO)
)
Package epstopdf-base Info: Redefining graphics rule for `.eps' on input line 438.
Package grfext Info: Graphics extension search list:
(grfext)             [.pdf,.png,.jpg,.mps,.jpeg,.jbig2,.jb2,.PDF,.PNG,.JPG,.JPEG,.JBIG2,.JB2,.eps]
(grfext)             \AppendGraphicsExtensions on input line 456.
 (/usr/local/texlive/2019/texmf-dist/tex/latex/latexconfig/epstopdf-sys.cfg
File: epstopdf-sys.cfg 2010/07/13 v1.3 Configuration of (r)epstopdf for TeX Live
)) ABD: EveryShipout initializing macros
\AtBeginShipoutBox=\box47
Package hyperref Info: Link coloring ON on input line 58.
 (/usr/local/texlive/2019/texmf-dist/tex/latex/hyperref/nameref.sty
Package: nameref 2016/05/21 v2.44 Cross-referencing by name of section
 (/usr/local/texlive/2019/texmf-dist/tex/generic/oberdiek/gettitlestring.sty
Package: gettitlestring 2016/05/16 v1.5 Cleanup title references (HO)
)
\c@section@level=\count146
)
LaTeX Info: Redefining \ref on input line 58.
LaTeX Info: Redefining \pageref on input line 58.
LaTeX Info: Redefining \nameref on input line 58.
 (/Users/nick-work/cernbox/icsftc/PGs/StatsLectures/PGStatistics/latex/StatisticsPGLectures.out) (/Users/nick-work/cernbox/icsftc/PGs/StatsLectures/PGStatistics/latex/StatisticsPGLectures.out)
\@outlinefile=\write6
\openout6 = `StatisticsPGLectures.out'.

\c@lstlisting=\count147
LaTeX Font Info:    Try loading font information for U+msa on input line 69.
 (/usr/local/texlive/2019/texmf-dist/tex/latex/amsfonts/umsa.fd
File: umsa.fd 2013/01/14 v3.01 AMS symbols A
)
LaTeX Font Info:    Try loading font information for U+msb on input line 69.
 (/usr/local/texlive/2019/texmf-dist/tex/latex/amsfonts/umsb.fd
File: umsb.fd 2013/01/14 v3.01 AMS symbols B
) (/Users/nick-work/cernbox/icsftc/PGs/StatsLectures/PGStatistics/latex/StatisticsPGLectures.toc [1

{/usr/local/texlive/2019/texmf-var/fonts/map/pdftex/updmap/pdftex.map}])
\tf@toc=\write7
\openout7 = `StatisticsPGLectures.toc'.

 [2]
\openout2 = `ideas.aux'.

 (/Users/nick-work/cernbox/icsftc/PGs/StatsLectures/PGStatistics/latex/ideas.tex
LaTeX Font Info:    Try loading font information for OMS+cmr on input line 4.
 (/usr/local/texlive/2019/texmf-dist/tex/latex/base/omscmr.fd
File: omscmr.fd 2014/09/29 v2.5h Standard LaTeX font definitions
)
LaTeX Font Info:    Font shape `OMS/cmr/m/n' in size <10> not available
(Font)              Font shape `OMS/cmsy/m/n' tried instead on input line 4.
) [3

]
\openout2 = `intro.aux'.

 (/Users/nick-work/cernbox/icsftc/PGs/StatsLectures/PGStatistics/latex/intro.tex
<figures/intro/james.png, id=225, 550.055pt x 735.74875pt>
File: figures/intro/james.png Graphic file (type png)
<use figures/intro/james.png>
Package pdftex.def Info: figures/intro/james.png  used on input line 9.
(pdftex.def)             Requested size: 234.8775pt x 314.16537pt.
 (/usr/local/texlive/2019/texmf-dist/tex/latex/listings/lstlang1.sty
File: lstlang1.sty 2019/02/27 1.8b listings language file
)
LaTeX Font Info:    Try loading font information for OT1+pcr on input line 17.
 (/usr/local/texlive/2019/texmf-dist/tex/latex/psnfss/ot1pcr.fd
File: ot1pcr.fd 2001/06/04 font definitions for OT1/pcr.
)
LaTeX Font Info:    Font shape `OT1/pcr/bx/n' in size <10> not available
(Font)              Font shape `OT1/pcr/b/n' tried instead on input line 17.
<figures/binder.png, id=228, 110.4125pt x 22.0825pt>
File: figures/binder.png Graphic file (type png)
<use figures/binder.png>
Package pdftex.def Info: figures/binder.png  used on input line 25.
(pdftex.def)             Requested size: 41.00023pt x 8.19995pt.
) [4


 </Users/nick-work/cernbox/icsftc/PGs/StatsLectures/PGStatistics/latex/figures/intro/james.png> </Users/nick-work/cernbox/icsftc/PGs/StatsLectures/PGStatistics/latex/figures/binder.png>]
\openout2 = `probability.aux'.

 (/Users/nick-work/cernbox/icsftc/PGs/StatsLectures/PGStatistics/latex/probability.tex [5


] [6] [7] [8]
<figures/Probability/PoissonProbs.pdf, id=300, 462.52798pt x 346.89601pt>
File: figures/Probability/PoissonProbs.pdf Graphic file (type pdf)
<use figures/Probability/PoissonProbs.pdf>
Package pdftex.def Info: figures/Probability/PoissonProbs.pdf  used on input line 169.
(pdftex.def)             Requested size: 375.80544pt x 281.86818pt.
 [9 </Users/nick-work/cernbox/icsftc/PGs/StatsLectures/PGStatistics/latex/figures/Probability/PoissonProbs.pdf>] [10] [11] [12] [13]
<figures/Probability/GaussianSum.pdf, id=406, 462.52798pt x 346.89601pt>
File: figures/Probability/GaussianSum.pdf Graphic file (type pdf)
<use figures/Probability/GaussianSum.pdf>
Package pdftex.def Info: figures/Probability/GaussianSum.pdf  used on input line 438.
(pdftex.def)             Requested size: 375.80544pt x 281.86818pt.
 [14] [15 </Users/nick-work/cernbox/icsftc/PGs/StatsLectures/PGStatistics/latex/figures/Probability/GaussianSum.pdf>] [16]
<figures/Probability/galton_image.pdf, id=504, 604.2575pt x 417.56pt>
File: figures/Probability/galton_image.pdf Graphic file (type pdf)
<use figures/Probability/galton_image.pdf>
Package pdftex.def Info: figures/Probability/galton_image.pdf  used on input line 545.
(pdftex.def)             Requested size: 281.85587pt x 194.76866pt.
<figures/Probability/layers3.pdf, id=505, 462.52798pt x 346.89601pt>
File: figures/Probability/layers3.pdf Graphic file (type pdf)
<use figures/Probability/layers3.pdf>
Package pdftex.def Info: figures/Probability/layers3.pdf  used on input line 552.
(pdftex.def)             Requested size: 150.32504pt x 112.74515pt.
<figures/Probability/layers10.pdf, id=506, 462.52798pt x 346.89601pt>
File: figures/Probability/layers10.pdf Graphic file (type pdf)
<use figures/Probability/layers10.pdf>
Package pdftex.def Info: figures/Probability/layers10.pdf  used on input line 553.
(pdftex.def)             Requested size: 150.32504pt x 112.74515pt.
<figures/Probability/layers100.pdf, id=507, 462.52798pt x 346.89601pt>
File: figures/Probability/layers100.pdf Graphic file (type pdf)
<use figures/Probability/layers100.pdf>
Package pdftex.def Info: figures/Probability/layers100.pdf  used on input line 554.
(pdftex.def)             Requested size: 150.32504pt x 112.74515pt.
 [17 </Users/nick-work/cernbox/icsftc/PGs/StatsLectures/PGStatistics/latex/figures/Probability/galton_image.pdf> </Users/nick-work/cernbox/icsftc/PGs/StatsLectures/PGStatistics/latex/figures/Probability/layers3.pdf> </Users/nick-work/cernbox/icsftc/PGs/StatsLectures/PGStatistics/latex/figures/Probability/layers10.pdf

pdfTeX warning: pdflatex (file /Users/nick-work/cernbox/icsftc/PGs/StatsLectures/PGStatistics/latex/figures/Probability/layers10.pdf): PDF inclusion: multiple pdfs with page group included in a single page
> </Users/nick-work/cernbox/icsftc/PGs/StatsLectures/PGStatistics/latex/figures/Probability/layers100.pdf

pdfTeX warning: pdflatex (file /Users/nick-work/cernbox/icsftc/PGs/StatsLectures/PGStatistics/latex/figures/Probability/layers100.pdf): PDF inclusion: multiple pdfs with page group included in a single page
>]
<figures/Probability/markovchainexample.pdf, id=933, 433.62pt x 289.08pt>
File: figures/Probability/markovchainexample.pdf Graphic file (type pdf)
<use figures/Probability/markovchainexample.pdf>
Package pdftex.def Info: figures/Probability/markovchainexample.pdf  used on input line 672.
(pdftex.def)             Requested size: 469.75502pt x 313.1854pt.
) [18] [19 </Users/nick-work/cernbox/icsftc/PGs/StatsLectures/PGStatistics/latex/figures/Probability/markovchainexample.pdf>]
\openout2 = `hypotest.aux'.

 (/Users/nick-work/cernbox/icsftc/PGs/StatsLectures/PGStatistics/latex/hypotest.tex
<figures/Hypotest/type12.pdf, id=987, 727.71875pt x 486.81876pt>
File: figures/Hypotest/type12.pdf Graphic file (type pdf)
<use figures/Hypotest/type12.pdf>
Package pdftex.def Info: figures/Hypotest/type12.pdf  used on input line 29.
(pdftex.def)             Requested size: 281.85587pt x 188.55861pt.
 [20


] [21 </Users/nick-work/cernbox/icsftc/PGs/StatsLectures/PGStatistics/latex/figures/Hypotest/type12.pdf>]
<figures/Hypotest/p0dist.pdf, id=1136, 462.52798pt x 346.89601pt>
File: figures/Hypotest/p0dist.pdf Graphic file (type pdf)
<use figures/Hypotest/p0dist.pdf>
Package pdftex.def Info: figures/Hypotest/p0dist.pdf  used on input line 95.
(pdftex.def)             Requested size: 375.80544pt x 281.86818pt.
 [22

 </Users/nick-work/cernbox/icsftc/PGs/StatsLectures/PGStatistics/latex/figures/Hypotest/p0dist.pdf>] [23] [24] [25]
<figures/Hypotest/prof_lh_ex.pdf, id=1245, 1011.78pt x 433.62pt>
File: figures/Hypotest/prof_lh_ex.pdf Graphic file (type pdf)
<use figures/Hypotest/prof_lh_ex.pdf>
Package pdftex.def Info: figures/Hypotest/prof_lh_ex.pdf  used on input line 242.
(pdftex.def)             Requested size: 469.75502pt x 201.32686pt.


LaTeX Warning: Reference `sec:MarkovChain' on page 26 undefined on input line 256.

<figures/Hypotest/marginalised_lh_ex.pdf, id=1248, 1011.78pt x 433.62pt>
File: figures/Hypotest/marginalised_lh_ex.pdf Graphic file (type pdf)
<use figures/Hypotest/marginalised_lh_ex.pdf>
Package pdftex.def Info: figures/Hypotest/marginalised_lh_ex.pdf  used on input line 261.
(pdftex.def)             Requested size: 469.75502pt x 201.32686pt.
[26 </Users/nick-work/cernbox/icsftc/PGs/StatsLectures/PGStatistics/latex/figures/Hypotest/prof_lh_ex.pdf> </Users/nick-work/cernbox/icsftc/PGs/StatsLectures/PGStatistics/latex/figures/Hypotest/marginalised_lh_ex.pdf

pdfTeX warning: pdflatex (file /Users/nick-work/cernbox/icsftc/PGs/StatsLectures/PGStatistics/latex/figures/Hypotest/marginalised_lh_ex.pdf): PDF inclusion: multiple pdfs with page group included in a single page
>]
<figures/Hypotest/p10.pdf, id=1333, 1011.78pt x 433.62pt>
File: figures/Hypotest/p10.pdf Graphic file (type pdf)
<use figures/Hypotest/p10.pdf>
Package pdftex.def Info: figures/Hypotest/p10.pdf  used on input line 310.
(pdftex.def)             Requested size: 469.75502pt x 201.32686pt.
 [27]
<figures/Hypotest/scan_pmu.pdf, id=1345, 433.62pt x 289.08pt>
File: figures/Hypotest/scan_pmu.pdf Graphic file (type pdf)
<use figures/Hypotest/scan_pmu.pdf>
Package pdftex.def Info: figures/Hypotest/scan_pmu.pdf  used on input line 317.
(pdftex.def)             Requested size: 469.75502pt x 313.1854pt.
) [28 </Users/nick-work/cernbox/icsftc/PGs/StatsLectures/PGStatistics/latex/figures/Hypotest/p10.pdf> </Users/nick-work/cernbox/icsftc/PGs/StatsLectures/PGStatistics/latex/figures/Hypotest/scan_pmu.pdf

pdfTeX warning: pdflatex (file /Users/nick-work/cernbox/icsftc/PGs/StatsLectures/PGStatistics/latex/figures/Hypotest/scan_pmu.pdf): PDF inclusion: multiple pdfs with page group included in a single page
>]
\openout2 = `intervals.aux'.

 (/Users/nick-work/cernbox/icsftc/PGs/StatsLectures/PGStatistics/latex/intervals.tex [29


]
<figures/Intervals/Consistency_normal.pdf, id=1413, 462.52798pt x 346.89601pt>
File: figures/Intervals/Consistency_normal.pdf Graphic file (type pdf)
<use figures/Intervals/Consistency_normal.pdf>
Package pdftex.def Info: figures/Intervals/Consistency_normal.pdf  used on input line 96.
(pdftex.def)             Requested size: 375.80544pt x 281.86818pt.
 [30]
Underfull \hbox (badness 10000) in paragraph at lines 106--119

 []

<figures/Intervals/neyman.pdf, id=1468, 569.12625pt x 547.04375pt>
File: figures/Intervals/neyman.pdf Graphic file (type pdf)
<use figures/Intervals/neyman.pdf>
Package pdftex.def Info: figures/Intervals/neyman.pdf  used on input line 122.
(pdftex.def)             Requested size: 281.85587pt x 270.93356pt.
[31 </Users/nick-work/cernbox/icsftc/PGs/StatsLectures/PGStatistics/latex/figures/Intervals/Consistency_normal.pdf>]
<figures/Intervals/frequentist_interval.pdf, id=1505, 462.52798pt x 346.89601pt>
File: figures/Intervals/frequentist_interval.pdf Graphic file (type pdf)
<use figures/Intervals/frequentist_interval.pdf>
Package pdftex.def Info: figures/Intervals/frequentist_interval.pdf  used on input line 212.
(pdftex.def)             Requested size: 469.75502pt x 352.33656pt.
 [32 </Users/nick-work/cernbox/icsftc/PGs/StatsLectures/PGStatistics/latex/figures/Intervals/neyman.pdf, page is rotated 90 degrees>] [33] [34 </Users/nick-work/cernbox/icsftc/PGs/StatsLectures/PGStatistics/latex/figures/Intervals/frequentist_interval.pdf>] [35]
<figures/Intervals/chi2dists.pdf, id=1662, 854.23138pt x 406.88008pt>
File: figures/Intervals/chi2dists.pdf Graphic file (type pdf)
<use figures/Intervals/chi2dists.pdf>
Package pdftex.def Info: figures/Intervals/chi2dists.pdf  used on input line 305.
(pdftex.def)             Requested size: 469.75502pt x 223.74748pt.
<figures/Intervals/data_model_plot.pdf, id=1666, 569.12625pt x 410.53375pt>
File: figures/Intervals/data_model_plot.pdf Graphic file (type pdf)
<use figures/Intervals/data_model_plot.pdf>
Package pdftex.def Info: figures/Intervals/data_model_plot.pdf  used on input line 380.
(pdftex.def)             Requested size: 375.80544pt x 271.09718pt.
 [36 </Users/nick-work/cernbox/icsftc/PGs/StatsLectures/PGStatistics/latex/figures/Intervals/chi2dists.pdf>]
<figures/Intervals/likelihood_scan_mu1_mu2.pdf, id=1704, 462.52798pt x 346.89601pt>
File: figures/Intervals/likelihood_scan_mu1_mu2.pdf Graphic file (type pdf)
<use figures/Intervals/likelihood_scan_mu1_mu2.pdf>
Package pdftex.def Info: figures/Intervals/likelihood_scan_mu1_mu2.pdf  used on input line 387.
(pdftex.def)             Requested size: 230.18253pt x 172.63771pt.
<figures/Intervals/scan_mu1.pdf, id=1705, 462.52798pt x 346.89601pt>
File: figures/Intervals/scan_mu1.pdf Graphic file (type pdf)
<use figures/Intervals/scan_mu1.pdf>
Package pdftex.def Info: figures/Intervals/scan_mu1.pdf  used on input line 388.
(pdftex.def)             Requested size: 230.18253pt x 172.63771pt.
<figures/Intervals/compare-fc-lh.pdf, id=1707, 569.12625pt x 546.04pt>
File: figures/Intervals/compare-fc-lh.pdf Graphic file (type pdf)
<use figures/Intervals/compare-fc-lh.pdf>
Package pdftex.def Info: figures/Intervals/compare-fc-lh.pdf  used on input line 397.
(pdftex.def)             Requested size: 281.85587pt x 270.43645pt.
 [37] [38 </Users/nick-work/cernbox/icsftc/PGs/StatsLectures/PGStatistics/latex/figures/Intervals/data_model_plot.pdf, page is rotated 90 degrees> </Users/nick-work/cernbox/icsftc/PGs/StatsLectures/PGStatistics/latex/figures/Intervals/likelihood_scan_mu1_mu2.pdf> </Users/nick-work/cernbox/icsftc/PGs/StatsLectures/PGStatistics/latex/figures/Intervals/scan_mu1.pdf

pdfTeX warning: pdflatex (file /Users/nick-work/cernbox/icsftc/PGs/StatsLectures/PGStatistics/latex/figures/Intervals/scan_mu1.pdf): PDF inclusion: multiple pdfs with page group included in a single page
>]
<figures/Intervals/coverage_example.pdf, id=1862, 462.52798pt x 346.89601pt>
File: figures/Intervals/coverage_example.pdf Graphic file (type pdf)
<use figures/Intervals/coverage_example.pdf>
Package pdftex.def Info: figures/Intervals/coverage_example.pdf  used on input line 431.
(pdftex.def)             Requested size: 462.52684pt x 346.89516pt.
<figures/Intervals/tmu_dists_example.pdf, id=1864, 933.00572pt x 461.80528pt>
File: figures/Intervals/tmu_dists_example.pdf Graphic file (type pdf)
<use figures/Intervals/tmu_dists_example.pdf>
Package pdftex.def Info: figures/Intervals/tmu_dists_example.pdf  used on input line 438.
(pdftex.def)             Requested size: 469.75502pt x 232.50868pt.
 [39 </Users/nick-work/cernbox/icsftc/PGs/StatsLectures/PGStatistics/latex/figures/Intervals/compare-fc-lh.pdf, page is rotated 90 degrees>] [40 </Users/nick-work/cernbox/icsftc/PGs/StatsLectures/PGStatistics/latex/figures/Intervals/coverage_example.pdf>] [41 </Users/nick-work/cernbox/icsftc/PGs/StatsLectures/PGStatistics/latex/figures/Intervals/tmu_dists_example.pdf>]
<figures/Intervals/credible_interval.pdf, id=2036, 462.52798pt x 346.89601pt>
File: figures/Intervals/credible_interval.pdf Graphic file (type pdf)
<use figures/Intervals/credible_interval.pdf>
Package pdftex.def Info: figures/Intervals/credible_interval.pdf  used on input line 510.
(pdftex.def)             Requested size: 375.80544pt x 281.86818pt.
) [42 </Users/nick-work/cernbox/icsftc/PGs/StatsLectures/PGStatistics/latex/figures/Intervals/credible_interval.pdf>]
\openout2 = `summary.aux'.

 (/Users/nick-work/cernbox/icsftc/PGs/StatsLectures/PGStatistics/latex/summary.tex) [43


]
\openout2 = `problems.aux'.

 (/Users/nick-work/cernbox/icsftc/PGs/StatsLectures/PGStatistics/latex/problems.tex [44


]) [45]
Package atveryend Info: Empty hook `BeforeClearDocument' on input line 77.
Package atveryend Info: Empty hook `AfterLastShipout' on input line 77.
 (/Users/nick-work/cernbox/icsftc/PGs/StatsLectures/PGStatistics/latex/StatisticsPGLectures.aux (/Users/nick-work/cernbox/icsftc/PGs/StatsLectures/PGStatistics/latex/ideas.aux) (/Users/nick-work/cernbox/icsftc/PGs/StatsLectures/PGStatistics/latex/intro.aux) (/Users/nick-work/cernbox/icsftc/PGs/StatsLectures/PGStatistics/latex/probability.aux) (/Users/nick-work/cernbox/icsftc/PGs/StatsLectures/PGStatistics/latex/hypotest.aux) (/Users/nick-work/cernbox/icsftc/PGs/StatsLectures/PGStatistics/latex/intervals.aux) (/Users/nick-work/cernbox/icsftc/PGs/StatsLectures/PGStatistics/latex/summary.aux) (/Users/nick-work/cernbox/icsftc/PGs/StatsLectures/PGStatistics/latex/problems.aux))
Package atveryend Info: Executing hook `AtVeryEndDocument' on input line 77.
Package atveryend Info: Executing hook `AtEndAfterFileList' on input line 77.
Package rerunfilecheck Info: File `StatisticsPGLectures.out' has not changed.
(rerunfilecheck)             Checksum: CB9ECF34ADDDCA00387887DF893A1FBF;2873.


LaTeX Warning: There were undefined references.

 ) 
Here is how much of TeX's memory you used:
 18988 strings out of 492616
 344945 string characters out of 6129481
 643156 words of memory out of 5000000
 21979 multiletter control sequences out of 15000+600000
 16067 words of font info for 60 fonts, out of 8000000 for 9000
 1141 hyphenation exceptions out of 8191
 54i,16n,73p,2146b,1873s stack positions out of 5000i,500n,10000p,200000b,80000s
{/usr/local/texlive/2019/texmf-dist/fonts/enc/dvips/base/8r.enc}</usr/local/texlive/2019/texmf-dist/fonts/type1/public/amsfonts/cm/cmbx10.pfb></usr/local/texlive/2019/texmf-dist/fonts/type1/public/amsfonts/cm/cmbx12.pfb></usr/local/texlive/2019/texmf-dist/fonts/type1/public/amsfonts/cm/cmcsc10.pfb></usr/local/texlive/2019/texmf-dist/fonts/type1/public/amsfonts/cm/cmex10.pfb></usr/local/texlive/2019/texmf-dist/fonts/type1/public/amsfonts/cm/cmmi10.pfb></usr/local/texlive/2019/texmf-dist/fonts/type1/public/amsfonts/cm/cmmi5.pfb></usr/local/texlive/2019/texmf-dist/fonts/type1/public/amsfonts/cm/cmmi7.pfb></usr/local/texlive/2019/texmf-dist/fonts/type1/public/amsfonts/cm/cmmi8.pfb></usr/local/texlive/2019/texmf-dist/fonts/type1/public/amsfonts/cm/cmr10.pfb></usr/local/texlive/2019/texmf-dist/fonts/type1/public/amsfonts/cm/cmr12.pfb></usr/local/texlive/2019/texmf-dist/fonts/type1/public/amsfonts/cm/cmr17.pfb></usr/local/texlive/2019/texmf-dist/fonts/type1/public/amsfonts/cm/cmr5.pfb></usr/local/texlive/2019/texmf-dist/fonts/type1/public/amsfonts/cm/cmr6.pfb></usr/local/texlive/2019/texmf-dist/fonts/type1/public/amsfonts/cm/cmr7.pfb></usr/local/texlive/2019/texmf-dist/fonts/type1/public/amsfonts/cm/cmr8.pfb></usr/local/texlive/2019/texmf-dist/fonts/type1/public/amsfonts/cm/cmss10.pfb></usr/local/texlive/2019/texmf-dist/fonts/type1/public/amsfonts/cm/cmsy10.pfb></usr/local/texlive/2019/texmf-dist/fonts/type1/public/amsfonts/cm/cmsy5.pfb></usr/local/texlive/2019/texmf-dist/fonts/type1/public/amsfonts/cm/cmsy7.pfb></usr/local/texlive/2019/texmf-dist/fonts/type1/public/amsfonts/cm/cmti10.pfb></usr/local/texlive/2019/texmf-dist/fonts/type1/public/amsfonts/cm/cmti7.pfb></usr/local/texlive/2019/texmf-dist/fonts/type1/public/amsfonts/cm/cmu10.pfb></usr/local/texlive/2019/texmf-dist/fonts/type1/public/amsfonts/latxfont/line10.pfb></usr/local/texlive/2019/texmf-dist/fonts/type1/public/amsfonts/symbols/msbm10.pfb></usr/local/texlive/2019/texmf-dist/fonts/type1/urw/courier/ucrb8a.pfb></usr/local/texlive/2019/texmf-dist/fonts/type1/urw/courier/ucrr8a.pfb>
Output written on /Users/nick-work/cernbox/icsftc/PGs/StatsLectures/PGStatistics/latex/StatisticsPGLectures.pdf (45 pages, 4539579 bytes).
PDF statistics:
 2284 PDF objects out of 2487 (max. 8388607)
 1542 compressed objects within 16 object streams
 550 named destinations out of 1000 (max. 500000)
 455 words of extra memory for PDF output out of 10000 (max. 10000000)

